TN:
SF:src/errors/AppError.ts
FN:5,AppError
FNF:1
FNH:1
FNDA:2,AppError
DA:1,2
DA:2,2
DA:3,2
DA:4,2
DA:5,2
DA:6,2
DA:7,2
DA:8,2
DA:9,2
LF:9
LH:9
BRDA:1,0,0,2
BRDA:5,1,0,2
BRF:2
BRH:2
end_of_record
TN:
SF:src/modules/models/Product.ts
FN:27,Product
FNF:1
FNH:1
FNDA:3,Product
DA:1,1
DA:2,1
DA:3,1
DA:4,1
DA:5,1
DA:6,1
DA:7,1
DA:8,1
DA:9,1
DA:10,1
DA:11,1
DA:12,1
DA:13,1
DA:14,1
DA:15,1
DA:16,1
DA:17,1
DA:18,1
DA:19,1
DA:20,1
DA:21,1
DA:22,1
DA:23,1
DA:24,1
DA:25,1
DA:26,1
DA:27,1
DA:28,3
DA:29,3
DA:30,3
DA:31,3
DA:32,3
DA:33,3
DA:34,3
DA:35,3
DA:36,1
DA:37,1
DA:38,1
LF:38
LH:38
BRDA:5,0,0,1
BRDA:27,1,0,3
BRF:2
BRH:2
end_of_record
TN:
SF:src/modules/models/User.ts
FN:24,User
FNF:1
FNH:1
FNDA:1,User
DA:1,1
DA:2,1
DA:3,1
DA:4,1
DA:5,1
DA:6,1
DA:7,1
DA:8,1
DA:9,1
DA:10,1
DA:11,1
DA:12,1
DA:13,1
DA:14,1
DA:15,1
DA:16,1
DA:17,1
DA:18,1
DA:19,1
DA:20,1
DA:21,1
DA:22,1
DA:23,1
DA:24,1
DA:25,1
DA:26,1
DA:27,1
DA:28,1
DA:29,1
DA:30,1
DA:31,1
LF:31
LH:31
BRDA:5,0,0,1
BRDA:24,1,0,1
BRF:2
BRH:2
end_of_record
TN:
SF:src/modules/services/ProductService.ts
FN:23,ProductService
FN:28,Object.<anonymous>.ProductService.findById
FN:34,Object.<anonymous>.ProductService.findByName
FN:39,Object.<anonymous>.ProductService.create
FN:53,Object.<anonymous>.ProductService.addImage
FN:72,Object.<anonymous>.ProductService.update
FNF:6
FNH:4
FNDA:4,ProductService
FNDA:0,Object.<anonymous>.ProductService.findById
FNDA:1,Object.<anonymous>.ProductService.findByName
FNDA:3,Object.<anonymous>.ProductService.create
FNDA:0,Object.<anonymous>.ProductService.addImage
FNDA:2,Object.<anonymous>.ProductService.update
DA:1,1
DA:2,1
DA:3,1
DA:4,1
DA:5,1
DA:6,1
DA:7,1
DA:8,1
DA:9,1
DA:10,1
DA:11,1
DA:12,1
DA:13,1
DA:14,1
DA:15,1
DA:16,1
DA:17,1
DA:18,1
DA:19,1
DA:20,1
DA:21,1
DA:22,1
DA:23,1
DA:24,4
DA:25,4
DA:26,4
DA:27,1
DA:28,1
DA:29,0
DA:30,0
DA:31,0
DA:32,0
DA:33,1
DA:34,1
DA:35,1
DA:36,1
DA:37,1
DA:38,1
DA:39,1
DA:40,3
DA:41,1
DA:42,1
DA:43,2
DA:44,2
DA:45,2
DA:46,2
DA:47,2
DA:48,2
DA:49,3
DA:50,3
DA:51,3
DA:52,1
DA:53,1
DA:54,0
DA:55,0
DA:56,0
DA:57,0
DA:58,0
DA:59,0
DA:60,0
DA:61,0
DA:62,0
DA:63,0
DA:64,0
DA:65,0
DA:66,0
DA:67,0
DA:68,0
DA:69,0
DA:70,0
DA:71,1
DA:72,1
DA:73,2
DA:74,2
DA:75,2
DA:76,2
DA:77,2
DA:78,2
DA:79,2
DA:80,2
DA:81,2
DA:82,2
DA:83,2
DA:84,1
DA:85,1
DA:86,1
DA:87,1
DA:88,1
DA:89,1
DA:90,1
DA:91,1
DA:92,1
DA:93,2
DA:94,1
DA:95,1
DA:96,1
LF:96
LH:75
BRDA:22,0,0,1
BRDA:23,1,0,4
BRDA:34,2,0,1
BRDA:35,3,0,1
BRDA:39,4,0,3
BRDA:40,5,0,2
BRDA:40,6,0,2
BRDA:40,7,0,1
BRDA:43,8,0,2
BRDA:72,9,0,2
BRDA:79,10,0,2
BRDA:83,11,0,1
BRF:12
BRH:12
end_of_record
TN:
SF:src/modules/services/UserService.ts
FN:12,UserService
FN:17,Object.<anonymous>.UserService.FindById
FN:23,Object.<anonymous>.UserService.FindByEmail
FN:29,Object.<anonymous>.UserService.Create
FNF:4
FNH:3
FNDA:1,UserService
FNDA:0,Object.<anonymous>.UserService.FindById
FNDA:1,Object.<anonymous>.UserService.FindByEmail
FNDA:1,Object.<anonymous>.UserService.Create
DA:1,1
DA:2,1
DA:3,1
DA:4,1
DA:5,1
DA:6,1
DA:7,1
DA:8,1
DA:9,1
DA:10,1
DA:11,1
DA:12,1
DA:13,1
DA:14,1
DA:15,1
DA:16,1
DA:17,1
DA:18,0
DA:19,0
DA:20,0
DA:21,0
DA:22,1
DA:23,1
DA:24,1
DA:25,1
DA:26,1
DA:27,1
DA:28,1
DA:29,1
DA:30,1
DA:31,1
DA:32,1
DA:33,0
DA:34,0
DA:35,1
DA:36,1
DA:37,1
DA:38,1
DA:39,1
DA:40,1
DA:41,1
DA:42,1
LF:42
LH:36
BRDA:11,0,0,1
BRDA:12,1,0,1
BRDA:23,2,0,1
BRDA:24,3,0,1
BRDA:29,4,0,1
BRDA:30,5,0,1
BRDA:32,6,0,0
BRF:7
BRH:6
end_of_record
TN:
SF:src/tests/repositories/ProductRepositoryInMemory.ts
FN:5,ProductRepositoryInMemory
FN:8,Object.<anonymous>.ProductRepositoryInMemory.create
FN:21,Object.<anonymous>.ProductRepositoryInMemory.findAll
FN:25,Object.<anonymous>.ProductRepositoryInMemory.findById
FN:30,Object.<anonymous>.ProductRepositoryInMemory.findByName
FNF:5
FNH:4
FNDA:4,ProductRepositoryInMemory
FNDA:3,Object.<anonymous>.ProductRepositoryInMemory.create
FNDA:0,Object.<anonymous>.ProductRepositoryInMemory.findAll
FNDA:2,Object.<anonymous>.ProductRepositoryInMemory.findById
FNDA:1,Object.<anonymous>.ProductRepositoryInMemory.findByName
DA:1,1
DA:2,1
DA:3,1
DA:4,1
DA:5,4
DA:6,4
DA:7,4
DA:8,4
DA:9,3
DA:10,3
DA:11,3
DA:12,3
DA:13,3
DA:14,3
DA:15,3
DA:16,3
DA:17,3
DA:18,3
DA:19,3
DA:20,3
DA:21,4
DA:22,0
DA:23,0
DA:24,0
DA:25,4
DA:26,2
DA:27,2
DA:28,2
DA:29,2
DA:30,4
DA:31,1
DA:32,1
DA:33,1
DA:34,1
DA:35,4
DA:36,1
DA:37,1
LF:37
LH:34
BRDA:5,0,0,1
BRDA:5,1,0,4
BRDA:8,2,0,3
BRDA:25,3,0,2
BRDA:26,4,0,1
BRDA:30,5,0,1
BRDA:31,6,0,2
BRF:7
BRH:7
end_of_record
TN:
SF:src/tests/repositories/UserRepositoryInMenory.ts
FN:5,UserRepositoryInMemory
FN:8,Object.<anonymous>.UserRepositoryInMemory.Create
FN:19,Object.<anonymous>.UserRepositoryInMemory.FindByEmail
FN:29,Object.<anonymous>.UserRepositoryInMemory.FindById
FNF:4
FNH:3
FNDA:1,UserRepositoryInMemory
FNDA:1,Object.<anonymous>.UserRepositoryInMemory.Create
FNDA:2,Object.<anonymous>.UserRepositoryInMemory.FindByEmail
FNDA:0,Object.<anonymous>.UserRepositoryInMemory.FindById
DA:1,1
DA:2,1
DA:3,1
DA:4,1
DA:5,1
DA:6,1
DA:7,1
DA:8,1
DA:9,1
DA:10,1
DA:11,1
DA:12,1
DA:13,1
DA:14,1
DA:15,1
DA:16,1
DA:17,1
DA:18,1
DA:19,1
DA:20,2
DA:21,2
DA:22,2
DA:23,2
DA:24,2
DA:25,2
DA:26,2
DA:27,2
DA:28,2
DA:29,1
DA:30,0
DA:31,0
DA:32,0
DA:33,0
DA:34,1
DA:35,1
DA:36,1
LF:36
LH:32
BRDA:5,0,0,1
BRDA:5,1,0,1
BRDA:8,2,0,1
BRDA:19,3,0,2
BRDA:23,4,0,1
BRF:5
BRH:5
end_of_record
TN:
SF:src/utils/file.ts
FN:3,deleteFile
FNF:1
FNH:0
FNDA:0,deleteFile
DA:1,1
DA:2,1
DA:3,1
DA:4,0
DA:5,0
DA:6,0
DA:7,0
DA:8,0
DA:9,0
DA:10,0
DA:11,0
LF:11
LH:3
BRF:0
BRH:0
end_of_record
