TN:
SF:src/errors/AppError.ts
FN:5,AppError
FNF:1
FNH:0
FNDA:0,AppError
DA:1,1
DA:2,1
DA:3,1
DA:4,1
DA:5,1
DA:6,0
DA:7,0
DA:8,0
DA:9,1
LF:9
LH:6
BRDA:1,0,0,1
BRF:1
BRH:1
end_of_record
TN:
SF:src/modules/models/Product.ts
FN:27,Product
FNF:1
FNH:1
FNDA:2,Product
DA:1,1
DA:2,1
DA:3,1
DA:4,1
DA:5,1
DA:6,1
DA:7,1
DA:8,1
DA:9,1
DA:10,1
DA:11,1
DA:12,1
DA:13,1
DA:14,1
DA:15,1
DA:16,1
DA:17,1
DA:18,1
DA:19,1
DA:20,1
DA:21,1
DA:22,1
DA:23,1
DA:24,1
DA:25,1
DA:26,1
DA:27,1
DA:28,2
DA:29,2
DA:30,2
DA:31,2
DA:32,2
DA:33,2
DA:34,2
DA:35,2
DA:36,1
DA:37,1
DA:38,1
LF:38
LH:38
BRDA:5,0,0,1
BRDA:27,1,0,2
BRF:2
BRH:2
end_of_record
TN:
SF:src/modules/services/ProductService.ts
FN:23,ProductService
FN:27,Object.<anonymous>.ProductService.findByName
FN:32,Object.<anonymous>.ProductService.create
FN:46,Object.<anonymous>.ProductService.addImage
FN:65,Object.<anonymous>.ProductService.update
FNF:5
FNH:2
FNDA:2,ProductService
FNDA:0,Object.<anonymous>.ProductService.findByName
FNDA:2,Object.<anonymous>.ProductService.create
FNDA:0,Object.<anonymous>.ProductService.addImage
FNDA:0,Object.<anonymous>.ProductService.update
DA:1,1
DA:2,1
DA:3,1
DA:4,1
DA:5,1
DA:6,1
DA:7,1
DA:8,1
DA:9,1
DA:10,1
DA:11,1
DA:12,1
DA:13,1
DA:14,1
DA:15,1
DA:16,1
DA:17,1
DA:18,1
DA:19,1
DA:20,1
DA:21,1
DA:22,1
DA:23,1
DA:24,2
DA:25,2
DA:26,2
DA:27,1
DA:28,0
DA:29,0
DA:30,0
DA:31,1
DA:32,1
DA:33,2
DA:34,0
DA:35,0
DA:36,2
DA:37,2
DA:38,2
DA:39,2
DA:40,2
DA:41,2
DA:42,2
DA:43,2
DA:44,2
DA:45,1
DA:46,1
DA:47,0
DA:48,0
DA:49,0
DA:50,0
DA:51,0
DA:52,0
DA:53,0
DA:54,0
DA:55,0
DA:56,0
DA:57,0
DA:58,0
DA:59,0
DA:60,0
DA:61,0
DA:62,0
DA:63,0
DA:64,1
DA:65,1
DA:66,0
DA:67,0
DA:68,0
DA:69,0
DA:70,0
DA:71,0
DA:72,0
DA:73,0
DA:74,0
DA:75,0
DA:76,0
DA:77,0
DA:78,0
DA:79,0
DA:80,0
DA:81,0
DA:82,0
DA:83,0
DA:84,0
DA:85,1
DA:86,1
DA:87,1
LF:87
LH:46
BRDA:22,0,0,1
BRDA:23,1,0,2
BRDA:32,2,0,2
BRDA:33,3,0,0
BRF:4
BRH:3
end_of_record
TN:
SF:src/tests/repositories/ProductRepositoryInMemory.ts
FN:5,ProductRepositoryInMemory
FN:8,Object.<anonymous>.ProductRepositoryInMemory.create
FN:21,Object.<anonymous>.ProductRepositoryInMemory.findAll
FN:25,Object.<anonymous>.ProductRepositoryInMemory.findById
FN:30,Object.<anonymous>.ProductRepositoryInMemory.findByName
FNF:5
FNH:2
FNDA:2,ProductRepositoryInMemory
FNDA:2,Object.<anonymous>.ProductRepositoryInMemory.create
FNDA:0,Object.<anonymous>.ProductRepositoryInMemory.findAll
FNDA:0,Object.<anonymous>.ProductRepositoryInMemory.findById
FNDA:0,Object.<anonymous>.ProductRepositoryInMemory.findByName
DA:1,1
DA:2,1
DA:3,1
DA:4,1
DA:5,2
DA:6,2
DA:7,2
DA:8,2
DA:9,2
DA:10,2
DA:11,2
DA:12,2
DA:13,2
DA:14,2
DA:15,2
DA:16,2
DA:17,2
DA:18,2
DA:19,2
DA:20,2
DA:21,2
DA:22,0
DA:23,0
DA:24,0
DA:25,2
DA:26,0
DA:27,0
DA:28,0
DA:29,0
DA:30,2
DA:31,0
DA:32,0
DA:33,0
DA:34,0
DA:35,2
DA:36,1
DA:37,1
LF:37
LH:26
BRDA:5,0,0,1
BRDA:5,1,0,2
BRDA:8,2,0,2
BRF:3
BRH:3
end_of_record
TN:
SF:src/utils/file.ts
FN:3,deleteFile
FNF:1
FNH:0
FNDA:0,deleteFile
DA:1,1
DA:2,1
DA:3,1
DA:4,0
DA:5,0
DA:6,0
DA:7,0
DA:8,0
DA:9,0
DA:10,0
DA:11,0
LF:11
LH:3
BRF:0
BRH:0
end_of_record
